<?xml version="1.0" encoding="UTF-8"?>
<testng-results ignored="0" total="2" passed="2" failed="0" skipped="0">
  <reporter-output>
  </reporter-output>
  <suite started-at="2022-01-25T16:07:03 CET" name="Command line suite" finished-at="2022-01-25T16:07:14 CET" duration-ms="11153">
    <groups>
    </groups>
    <test started-at="2022-01-25T16:07:03 CET" name="Command line test" finished-at="2022-01-25T16:07:14 CET" duration-ms="11153">
      <class name="SecendAutomatedTest">
        <test-method is-config="true" signature="beforeTest()[pri:0, instance:SecendAutomatedTest@30c15d8b]" started-at="2022-01-25T16:07:09 CET" name="beforeTest" finished-at="2022-01-25T16:07:12 CET" duration-ms="2516" status="PASS">
          <reporter-output>
          </reporter-output>
        </test-method> <!-- beforeTest -->
        <test-method signature="mySecondTest()[pri:0, instance:SecendAutomatedTest@30c15d8b]" started-at="2022-01-25T16:07:12 CET" name="mySecondTest" finished-at="2022-01-25T16:07:13 CET" duration-ms="1404" status="PASS">
          <reporter-output>
          </reporter-output>
        </test-method> <!-- mySecondTest -->
        <test-method is-config="true" signature="afterTest()[pri:0, instance:SecendAutomatedTest@30c15d8b]" started-at="2022-01-25T16:07:13 CET" name="afterTest" finished-at="2022-01-25T16:07:14 CET" duration-ms="852" status="PASS">
          <reporter-output>
          </reporter-output>
        </test-method> <!-- afterTest -->
      </class> <!-- SecendAutomatedTest -->
      <class name="FirstAutomatedTest">
        <test-method is-config="true" signature="beforeTest()[pri:0, instance:FirstAutomatedTest@293a5bf6]" started-at="2022-01-25T16:07:03 CET" name="beforeTest" finished-at="2022-01-25T16:07:06 CET" duration-ms="3178" status="PASS">
          <reporter-output>
          </reporter-output>
        </test-method> <!-- beforeTest -->
        <test-method signature="myFirstTest()[pri:0, instance:FirstAutomatedTest@293a5bf6]" started-at="2022-01-25T16:07:06 CET" name="myFirstTest" finished-at="2022-01-25T16:07:08 CET" duration-ms="2048" status="PASS">
          <reporter-output>
          </reporter-output>
        </test-method> <!-- myFirstTest -->
        <test-method is-config="true" signature="afterTest()[pri:0, instance:FirstAutomatedTest@293a5bf6]" started-at="2022-01-25T16:07:08 CET" name="afterTest" finished-at="2022-01-25T16:07:09 CET" duration-ms="883" status="PASS">
          <reporter-output>
          </reporter-output>
        </test-method> <!-- afterTest -->
      </class> <!-- FirstAutomatedTest -->
    </test> <!-- Command line test -->
  </suite> <!-- Command line suite -->
</testng-results>
